2025-08-04T06:59:13.958Z - ERROR - ❌ Erreur chargement commande mise a jours des affilation.js: Unexpected token '}'
2025-08-04T07:02:03.475Z - ERROR - ❌ Erreur chargement commande mise a jours des affilation.js: Unexpected token '}'
2025-08-04T07:05:42.315Z - ERROR - ❌ Erreur chargement commande mise a jours des affilation.js: Unexpected token '}'
2025-08-04T07:07:11.907Z - ERROR - ❌ Erreur chargement commande mise a jours des affilation.js: Unexpected token '}'
2025-08-04T07:13:02.939Z - ERROR - ❌ Erreur chargement commande mise a jours des affilation.js: Identifier 'SlashCommandBuilder' has already been declared
2025-08-04T18:28:02.182Z - ERROR - ❌ Erreur chargement commande non affilié.js: Invalid string format
2025-08-04T18:28:51.783Z - ERROR - ❌ Erreur chargement commande unaaffiliate.js: Invalid string format
2025-08-04T18:29:15.522Z - ERROR - ❌ Erreur chargement commande unaffiliate.js: Invalid string format
2025-08-04T18:36:05.027Z - ERROR - ❌ Erreur chargement commande dash.js: client is not defined
2025-08-04T18:38:38.103Z - ERROR - ❌ Erreur chargement commande dash.js: client is not defined
2025-08-04T18:57:28.452Z - ERROR - ❌ Erreur chargement commande dash.js: client is not defined
2025-08-04T19:15:00.828Z - ERROR - ❌ Erreur exécution commande dash: Cannot read properties of undefined (reading 'generateAuthToken')
2025-08-04T19:19:52.021Z - ERROR - ❌ Erreur exécution commande dash: Cannot read properties of undefined (reading 'generateAuthToken')
2025-08-04T19:26:51.951Z - ERROR - ❌ Erreur exécution commande dash: Cannot read properties of undefined (reading 'generateAuthToken')
2025-08-07T17:19:03.055Z - ERROR - ❌ Erreur autocomplétion modifier-description: Cannot read properties of undefined (reading 'toLowerCase')
2025-08-07T17:19:09.531Z - ERROR - ❌ Erreur autocomplétion modifier-description: Cannot read properties of undefined (reading 'toLowerCase')
2025-08-07T17:19:10.802Z - ERROR - ❌ Erreur autocomplétion modifier-description: Cannot read properties of undefined (reading 'toLowerCase')
2025-08-07T17:19:11.659Z - ERROR - ❌ Erreur autocomplétion modifier-description: Cannot read properties of undefined (reading 'toLowerCase')
2025-08-07T17:19:13.239Z - ERROR - ❌ Erreur autocomplétion modifier-description: Cannot read properties of undefined (reading 'toLowerCase')
2025-08-07T17:19:14.260Z - ERROR - ❌ Erreur autocomplétion modifier-description: Cannot read properties of undefined (reading 'toLowerCase')
2025-08-07T17:19:15.779Z - ERROR - ❌ Erreur autocomplétion modifier-description: Cannot read properties of undefined (reading 'toLowerCase')
2025-08-07T17:19:16.146Z - ERROR - ❌ Erreur autocomplétion modifier-description: Cannot read properties of undefined (reading 'toLowerCase')
2025-08-07T17:19:17.239Z - ERROR - ❌ Erreur autocomplétion modifier-description: Cannot read properties of undefined (reading 'toLowerCase')
2025-08-07T17:19:20.342Z - ERROR - ❌ Erreur autocomplétion modifier-description: Cannot read properties of undefined (reading 'toLowerCase')
2025-08-07T17:46:16.287Z - ERROR - ❌ Erreur autocomplétion modifier-description: Cannot read properties of undefined (reading 'toLowerCase')
2025-08-07T17:46:19.192Z - ERROR - ❌ Erreur autocomplétion modifier-description: Cannot read properties of undefined (reading 'toLowerCase')
2025-08-07T17:46:20.140Z - ERROR - ❌ Erreur autocomplétion modifier-description: Cannot read properties of undefined (reading 'toLowerCase')
2025-08-07T17:46:23.503Z - ERROR - ❌ Erreur autocomplétion modifier-description: Cannot read properties of undefined (reading 'toLowerCase')
2025-08-07T17:46:25.748Z - ERROR - ❌ Erreur autocomplétion modifier-description: Cannot read properties of undefined (reading 'toLowerCase')
2025-08-07T17:46:27.342Z - ERROR - ❌ Erreur autocomplétion modifier-description: Cannot read properties of undefined (reading 'toLowerCase')
2025-08-07T17:46:28.575Z - ERROR - ❌ Erreur autocomplétion modifier-description: Cannot read properties of undefined (reading 'toLowerCase')
2025-08-07T17:46:29.827Z - ERROR - ❌ Erreur autocomplétion modifier-description: Cannot read properties of undefined (reading 'toLowerCase')
2025-08-07T17:46:29.950Z - ERROR - ❌ Erreur autocomplétion modifier-description: Cannot read properties of undefined (reading 'toLowerCase')
2025-08-07T17:48:35.971Z - ERROR - ❌ Erreur autocomplétion modifier-description: Cannot read properties of undefined (reading 'toLowerCase')
2025-08-07T17:48:40.040Z - ERROR - ❌ Erreur autocomplétion modifier-description: Cannot read properties of undefined (reading 'toLowerCase')
2025-08-07T17:48:42.567Z - ERROR - ❌ Erreur autocomplétion modifier-description: Cannot read properties of undefined (reading 'toLowerCase')
2025-08-07T17:48:43.359Z - ERROR - ❌ Erreur autocomplétion modifier-description: Cannot read properties of undefined (reading 'toLowerCase')
2025-08-07T17:48:44.731Z - ERROR - ❌ Erreur autocomplétion modifier-description: Cannot read properties of undefined (reading 'toLowerCase')
2025-08-07T17:48:45.860Z - ERROR - ❌ Erreur autocomplétion modifier-description: Cannot read properties of undefined (reading 'toLowerCase')
2025-08-07T17:48:47.177Z - ERROR - ❌ Erreur autocomplétion modifier-description: Cannot read properties of undefined (reading 'toLowerCase')
2025-08-07T17:48:47.480Z - ERROR - ❌ Erreur autocomplétion modifier-description: Cannot read properties of undefined (reading 'toLowerCase')
2025-08-07T17:48:48.283Z - ERROR - ❌ Erreur autocomplétion modifier-description: Cannot read properties of undefined (reading 'toLowerCase')
2025-08-07T17:48:49.379Z - ERROR - ❌ Erreur autocomplétion modifier-description: Cannot read properties of undefined (reading 'toLowerCase')
2025-08-09T08:24:20.752Z - ERROR - ❌ Erreur autocomplétion modifier-description: Cannot read properties of undefined (reading 'toLowerCase')
2025-08-09T08:24:23.480Z - ERROR - ❌ Erreur autocomplétion modifier-description: Cannot read properties of undefined (reading 'toLowerCase')
2025-08-09T08:24:25.824Z - ERROR - ❌ Erreur autocomplétion modifier-description: Cannot read properties of undefined (reading 'toLowerCase')
2025-08-09T08:24:26.949Z - ERROR - ❌ Erreur autocomplétion modifier-description: Cannot read properties of undefined (reading 'toLowerCase')
2025-08-09T08:24:28.661Z - ERROR - ❌ Erreur autocomplétion modifier-description: Cannot read properties of undefined (reading 'toLowerCase')
2025-08-09T08:24:29.419Z - ERROR - ❌ Erreur autocomplétion modifier-description: Cannot read properties of undefined (reading 'toLowerCase')
2025-08-09T08:24:30.977Z - ERROR - ❌ Erreur autocomplétion modifier-description: Cannot read properties of undefined (reading 'toLowerCase')
2025-08-09T08:41:57.908Z - ERROR - ❌ Erreur autocomplétion modifier-description: Invalid Form Body
data.choices[0].name[BASE_TYPE_REQUIRED]: This field is required
data.choices[0].value[BASE_TYPE_REQUIRED]: This field is required
data.choices[1].name[BASE_TYPE_REQUIRED]: This field is required
data.choices[1].value[BASE_TYPE_REQUIRED]: This field is required
data.choices[2].name[BASE_TYPE_REQUIRED]: This field is required
data.choices[2].value[BASE_TYPE_REQUIRED]: This field is required
2025-08-09T08:45:17.290Z - ERROR - ❌ Erreur autocomplétion modifier-description: Invalid Form Body
data.choices[0].name[BASE_TYPE_REQUIRED]: This field is required
data.choices[0].value[BASE_TYPE_REQUIRED]: This field is required
data.choices[1].name[BASE_TYPE_REQUIRED]: This field is required
data.choices[1].value[BASE_TYPE_REQUIRED]: This field is required
data.choices[2].name[BASE_TYPE_REQUIRED]: This field is required
data.choices[2].value[BASE_TYPE_REQUIRED]: This field is required
